{"level":"info","message":"Server running on http://localhost:5000","timestamp":"2024-12-10 11:02:31"}
{"level":"info","message":"POST /add-time-log","timestamp":"2024-12-10 11:02:45"}
{"description":"Documentation for Email as Optional Requirement","hours":"5.0","jobId":"284871000011349437","level":"info","message":"Request Body:","timestamp":"2024-12-10 11:02:45","userId":"766729263","workDate":"2024-12-05"}
{"description":"Documentation for Email as Optional Requirement","hours":"5.0","jobId":"284871000011349437","level":"info","message":"Received time log request","timestamp":"2024-12-10 11:02:45","userId":"766729263","workDate":"2024-12-05"}
{"level":"warn","message":"Tokens file does not exist","timestamp":"2024-12-10 11:02:45"}
{"level":"info","message":"GET /auth-url","timestamp":"2024-12-10 11:04:34"}
{"level":"info","message":"Request Body:","timestamp":"2024-12-10 11:04:34"}
{"level":"info","message":"Authorization URL generated","timestamp":"2024-12-10 11:04:34"}
{"level":"info","message":"Server running on http://localhost:5000","timestamp":"2024-12-10 11:12:02"}
{"body":{"description":"Documentation for Email as Optional Requirement","hours":"5.0","jobId":"284871000011349437","userId":"766729263","workDate":"2024-12-05"},"level":"info","message":"POST /add-time-log","timestamp":"2024-12-10 11:12:13"}
{"level":"warn","message":"Tokens file not found","timestamp":"2024-12-10 11:12:13"}
{"level":"error","message":"No tokens found. Please complete OAuth flow.","timestamp":"2024-12-10 11:12:13"}
{"body":{},"level":"info","message":"GET /auth-url","timestamp":"2024-12-10 11:13:09"}
{"level":"info","message":"Authorization URL generated","timestamp":"2024-12-10 11:13:09"}
{"body":{},"level":"info","message":"GET /auth-url","timestamp":"2024-12-10 11:13:12"}
{"level":"info","message":"Authorization URL generated","timestamp":"2024-12-10 11:13:12"}
{"body":{"description":"Documentation for Email as Optional Requirement","hours":"5.0","jobId":"284871000011349437","userId":"766729263","workDate":"2024-12-05"},"level":"info","message":"POST /add-time-log","timestamp":"2024-12-10 11:16:03"}
{"level":"warn","message":"Tokens file not found","timestamp":"2024-12-10 11:16:03"}
{"level":"error","message":"No tokens found. Please complete OAuth flow.","timestamp":"2024-12-10 11:16:03"}
{"level":"info","message":"Server running on http://localhost:5000","timestamp":"2024-12-10 11:16:22"}
{"body":{},"level":"info","message":"GET /auth-url","timestamp":"2024-12-10 11:16:28"}
{"level":"info","message":"Authorization URL generated","timestamp":"2024-12-10 11:16:28"}
{"level":"info","message":"Server running on http://localhost:5000","timestamp":"2024-12-10 11:19:12"}
{"level":"info","message":"Server running on http://localhost:5000","timestamp":"2024-12-10 11:24:59"}
{"level":"info","message":"Authorization URL generated","timestamp":"2024-12-10 11:25:08"}
{"level":"error","message":"Error loading tokens: Unexpected end of JSON input","stack":"SyntaxError: Unexpected end of JSON input\n    at JSON.parse (<anonymous>)\n    at loadTokens (/Users/apple/Documents/zohoTimeSheet/backend/server.js:50:33)\n    at /Users/apple/Documents/zohoTimeSheet/backend/server.js:168:20\n    at Layer.handle [as handle_request] (/Users/apple/Documents/zohoTimeSheet/backend/node_modules/express/lib/router/layer.js:95:5)\n    at next (/Users/apple/Documents/zohoTimeSheet/backend/node_modules/express/lib/router/route.js:149:13)\n    at Route.dispatch (/Users/apple/Documents/zohoTimeSheet/backend/node_modules/express/lib/router/route.js:119:3)\n    at Layer.handle [as handle_request] (/Users/apple/Documents/zohoTimeSheet/backend/node_modules/express/lib/router/layer.js:95:5)\n    at /Users/apple/Documents/zohoTimeSheet/backend/node_modules/express/lib/router/index.js:284:15\n    at Function.process_params (/Users/apple/Documents/zohoTimeSheet/backend/node_modules/express/lib/router/index.js:346:12)\n    at next (/Users/apple/Documents/zohoTimeSheet/backend/node_modules/express/lib/router/index.js:280:10)","timestamp":"2024-12-10 11:25:10"}
{"level":"error","message":"No tokens found. Please authenticate first.","timestamp":"2024-12-10 11:25:10"}
{"level":"info","message":"Server running on http://localhost:5000","timestamp":"2024-12-10 11:26:28"}
{"level":"info","message":"Authorization URL generated","timestamp":"2024-12-10 11:26:37"}
{"level":"warn","message":"Tokens file not found","timestamp":"2024-12-10 11:26:39"}
{"level":"error","message":"No tokens found. Please authenticate first.","timestamp":"2024-12-10 11:26:39"}
{"level":"info","message":"Server running on http://localhost:5000","timestamp":"2024-12-10 11:28:00"}
{"level":"info","message":"Authorization URL generated","timestamp":"2024-12-10 11:28:16"}
{"level":"warn","message":"Tokens file not found","timestamp":"2024-12-10 11:28:39"}
{"level":"error","message":"No tokens found. Please authenticate first.","timestamp":"2024-12-10 11:28:39"}
{"level":"info","message":"Authorization URL generated","timestamp":"2024-12-10 11:28:40"}
{"level":"warn","message":"Tokens file not found","timestamp":"2024-12-10 11:28:44"}
{"level":"error","message":"No tokens found. Please authenticate first.","timestamp":"2024-12-10 11:28:44"}
{"level":"info","message":"Server running on http://localhost:5000","timestamp":"2024-12-10 11:36:43"}
{"level":"info","message":"Authorization URL generated","timestamp":"2024-12-10 11:36:51"}
{"level":"info","message":"Authorization URL generated","timestamp":"2024-12-10 11:37:43"}
{"level":"info","message":"Authorization URL generated","timestamp":"2024-12-10 11:37:43"}
{"level":"warn","message":"Tokens file not found","timestamp":"2024-12-10 11:37:52"}
{"level":"error","message":"No tokens found. Please authenticate first.","timestamp":"2024-12-10 11:37:52"}
{"level":"info","message":"Server running on http://localhost:5000","timestamp":"2024-12-10 11:38:14"}
{"level":"info","message":"Authorization URL generated","timestamp":"2024-12-10 11:38:23"}
{"level":"error","message":"Error loading tokens: Unexpected end of JSON input","stack":"SyntaxError: Unexpected end of JSON input\n    at JSON.parse (<anonymous>)\n    at loadTokens (/Users/apple/Documents/zohoTimeSheet/backend/server.js:50:33)\n    at /Users/apple/Documents/zohoTimeSheet/backend/server.js:177:20\n    at Layer.handle [as handle_request] (/Users/apple/Documents/zohoTimeSheet/backend/node_modules/express/lib/router/layer.js:95:5)\n    at next (/Users/apple/Documents/zohoTimeSheet/backend/node_modules/express/lib/router/route.js:149:13)\n    at Route.dispatch (/Users/apple/Documents/zohoTimeSheet/backend/node_modules/express/lib/router/route.js:119:3)\n    at Layer.handle [as handle_request] (/Users/apple/Documents/zohoTimeSheet/backend/node_modules/express/lib/router/layer.js:95:5)\n    at /Users/apple/Documents/zohoTimeSheet/backend/node_modules/express/lib/router/index.js:284:15\n    at Function.process_params (/Users/apple/Documents/zohoTimeSheet/backend/node_modules/express/lib/router/index.js:346:12)\n    at next (/Users/apple/Documents/zohoTimeSheet/backend/node_modules/express/lib/router/index.js:280:10)","timestamp":"2024-12-10 11:38:31"}
{"level":"error","message":"No tokens found. Please authenticate first.","timestamp":"2024-12-10 11:38:31"}
{"level":"info","message":"Server running on http://localhost:5000","timestamp":"2024-12-10 11:44:59"}
{"level":"info","message":"Authorization URL generated","timestamp":"2024-12-10 11:46:16"}
{"level":"error","message":"No tokens found. Please authenticate first.","timestamp":"2024-12-10 11:46:18"}
{"level":"info","message":"Server running on http://localhost:5000","timestamp":"2024-12-10 11:51:25"}
{"level":"error","message":"No access token available. Please authenticate first.","timestamp":"2024-12-10 11:51:35"}
{"level":"error","message":"No access token available. Please authenticate first.","timestamp":"2024-12-10 11:52:50"}
{"level":"info","message":"Server running on http://localhost:5000","timestamp":"2024-12-10 11:55:06"}
{"level":"info","message":"Authorization URL generated","timestamp":"2024-12-10 12:00:28"}
{"level":"error","message":"No access token available. Please authenticate first.","timestamp":"2024-12-10 12:00:49"}
{"level":"info","message":"Server running on http://localhost:5000","timestamp":"2024-12-10 12:04:19"}
{"level":"info","message":"Authorization URL generated","timestamp":"2024-12-10 12:04:27"}
{"level":"error","message":"No access token available. Please authenticate first.","timestamp":"2024-12-10 12:04:36"}
{"level":"info","message":"Authorization URL generated","timestamp":"2024-12-10 12:12:15"}
{"level":"info","message":"Server running on http://localhost:5000","timestamp":"2024-12-10 12:30:03"}
{"level":"info","message":"Authorization URL generated","timestamp":"2024-12-10 12:30:15"}
{"level":"error","message":"No access token available. Please authenticate first.","timestamp":"2024-12-10 12:30:17"}
{"level":"info","message":"Server running on http://localhost:5000","timestamp":"2024-12-10 12:35:20"}
{"level":"info","message":"Authorization URL generated","timestamp":"2024-12-10 12:35:29"}
{"authCode":"1000.834d00c48f091641e0261dfa5708e551.30d6648245e572b04991b4543237f48e","level":"info","message":"Received OAuth callback","timestamp":"2024-12-10 12:36:14"}
{"level":"info","message":"Tokens fetched successfully","timestamp":"2024-12-10 12:36:15"}
{"authCode":"1000.834d00c48f091641e0261dfa5708e551.30d6648245e572b04991b4543237f48e","level":"info","message":"Received OAuth callback","timestamp":"2024-12-10 12:39:15"}
{"level":"info","message":"Tokens fetched successfully","timestamp":"2024-12-10 12:39:16"}
{"authCode":"1000.834d00c48f091641e0261dfa5708e551.30d6648245e572b04991b4543237f48e","level":"info","message":"Received OAuth callback","timestamp":"2024-12-10 12:39:20"}
{"level":"info","message":"Tokens fetched successfully","timestamp":"2024-12-10 12:39:20"}
{"level":"info","message":"Server running on http://localhost:5000","timestamp":"2024-12-10 12:41:37"}
{"level":"info","message":"Authorization URL generated","timestamp":"2024-12-10 12:41:45"}
{"level":"info","message":"Authorization URL generated","timestamp":"2024-12-10 12:44:17"}
{"level":"info","message":"Authorization URL generated","timestamp":"2024-12-10 12:44:24"}
{"level":"info","message":"Authorization URL generated","timestamp":"2024-12-10 12:45:40"}
{"level":"info","message":"Authorization URL generated","timestamp":"2024-12-10 12:47:27"}
{"level":"info","message":"Authorization URL generated","timestamp":"2024-12-10 12:47:35"}
{"level":"info","message":"Server running on http://localhost:5000","timestamp":"2024-12-10 12:57:59"}
{"level":"info","message":"No access token found, initiating authentication process...","timestamp":"2024-12-10 12:58:06"}
{"level":"info","message":"No access token found, initiating authentication process...","timestamp":"2024-12-10 12:59:04"}
{"level":"info","message":"No access token found, initiating authentication process...","timestamp":"2024-12-10 13:04:24"}
{"level":"info","message":"No access token found, initiating authentication process...","timestamp":"2024-12-10 13:04:43"}
{"level":"info","message":"No access token found, initiating authentication process...","timestamp":"2024-12-10 13:05:12"}
{"level":"info","message":"No access token found, initiating authentication process...","timestamp":"2024-12-10 13:05:13"}
{"level":"info","message":"No access token found, initiating authentication process...","timestamp":"2024-12-10 13:05:28"}
{"level":"info","message":"No access token found, initiating authentication process...","timestamp":"2024-12-10 13:05:51"}
{"level":"info","message":"Server running on http://localhost:5000","timestamp":"2024-12-10 13:08:02"}
{"level":"info","message":"No access token found, initiating authentication process...","timestamp":"2024-12-10 13:08:16"}
{"level":"info","message":"No access token found, initiating authentication process...","timestamp":"2024-12-10 13:08:18"}
{"level":"info","message":"No access token found, initiating authentication process...","timestamp":"2024-12-10 13:08:24"}
{"level":"info","message":"No access token found, initiating authentication process...","timestamp":"2024-12-10 13:09:12"}
{"level":"info","message":"No access token found, initiating authentication process...","timestamp":"2024-12-10 13:10:49"}
{"level":"info","message":"Server running on http://localhost:5000","timestamp":"2024-12-10 13:13:14"}
{"level":"info","message":"Server running on http://localhost:5000","timestamp":"2024-12-10 13:15:15"}
{"level":"info","message":"Server running on http://localhost:5000","timestamp":"2024-12-10 13:18:16"}
{"level":"info","message":"Server running on http://localhost:5000","timestamp":"2024-12-10 13:19:42"}
{"level":"info","message":"Server running on http://localhost:5000","timestamp":"2024-12-10 13:22:59"}
{"level":"error","message":"No access token available. Please authenticate first.","timestamp":"2024-12-10 13:23:07"}
{"level":"error","message":"Error adding time log for jobId 284871000011349437:","timestamp":"2024-12-10 13:23:07"}
{"level":"info","message":"Server running on http://localhost:5000","timestamp":"2024-12-10 13:26:58"}
{"level":"info","message":"Server running on http://localhost:5000","timestamp":"2024-12-10 13:30:06"}
{"level":"info","message":"Authorization URL generated","timestamp":"2024-12-10 13:31:09"}
{"level":"info","message":"Server running on http://localhost:5000","timestamp":"2024-12-10 13:40:20"}
{"level":"info","message":"Server running on http://localhost:5000","timestamp":"2024-12-10 13:42:03"}
{"level":"info","message":"Authorization URL generated","timestamp":"2024-12-10 13:42:57"}
{"level":"info","message":"Server running on http://localhost:5000","timestamp":"2024-12-10 13:44:33"}
{"level":"info","message":"Authorization URL generated","timestamp":"2024-12-10 13:44:42"}
{"authCode":"1000.821f1aa35efaabd52136c5ea9d1ae38e.f69ed10797a51196b89cb83d1bf2d5b7","level":"info","message":"Received OAuth callback","timestamp":"2024-12-10 13:45:02"}
{"level":"info","message":"Tokens fetched successfully","timestamp":"2024-12-10 13:45:03"}
{"level":"info","message":"1000.cde0360195d3ef6314c4b24c3c6bcdf9.28d4f6a44e4b91b4c3aae064114b9c7a","timestamp":"2024-12-10 13:45:03"}
{"level":"info","message":"1000.d666a82d7b0948ce5c60df8894f1928d.dee2431d249837f59884c92588b39f1c","timestamp":"2024-12-10 13:45:03"}
{"level":"info","message":"Tokens fetched successfully Done","timestamp":"2024-12-10 13:45:03"}
{"authCode":"1000.821f1aa35efaabd52136c5ea9d1ae38e.f69ed10797a51196b89cb83d1bf2d5b7","level":"info","message":"Received OAuth callback","timestamp":"2024-12-10 13:45:37"}
{"level":"info","message":"Tokens fetched successfully","timestamp":"2024-12-10 13:45:38"}
{"level":"info","timestamp":"2024-12-10 13:45:38"}
{"level":"info","timestamp":"2024-12-10 13:45:38"}
{"level":"info","message":"Tokens fetched successfully Done","timestamp":"2024-12-10 13:45:38"}
{"code":"ENOENT","errno":-2,"level":"error","message":"Error reading tokens from file: ENOENT: no such file or directory, open './tokens.json'","path":"./tokens.json","stack":"Error: ENOENT: no such file or directory, open './tokens.json'\n    at Object.readFileSync (node:fs:441:20)\n    at loadTokensFromFile (/Users/apple/Documents/zohoTimeSheet/backend/server.js:70:38)\n    at Object.<anonymous> (/Users/apple/Documents/zohoTimeSheet/backend/server.js:79:16)\n    at Module._compile (node:internal/modules/cjs/loader:1546:14)\n    at Module._extensions..js (node:internal/modules/cjs/loader:1691:10)\n    at Module.load (node:internal/modules/cjs/loader:1317:32)\n    at Module._load (node:internal/modules/cjs/loader:1127:12)\n    at TracingChannel.traceSync (node:diagnostics_channel:315:14)\n    at wrapModuleLoad (node:internal/modules/cjs/loader:217:24)\n    at Function.executeUserEntryPoint [as runMain] (node:internal/modules/run_main:166:5)","syscall":"open","timestamp":"2024-12-10 13:53:11"}
{"level":"info","message":"Server running on http://localhost:5000","timestamp":"2024-12-10 13:53:11"}
{"code":"ENOENT","errno":-2,"level":"error","message":"Error reading tokens from file: ENOENT: no such file or directory, open './tokens.json'","path":"./tokens.json","stack":"Error: ENOENT: no such file or directory, open './tokens.json'\n    at Object.readFileSync (node:fs:441:20)\n    at loadTokensFromFile (/Users/apple/Documents/zohoTimeSheet/backend/server.js:70:38)\n    at Object.<anonymous> (/Users/apple/Documents/zohoTimeSheet/backend/server.js:79:16)\n    at Module._compile (node:internal/modules/cjs/loader:1546:14)\n    at Module._extensions..js (node:internal/modules/cjs/loader:1691:10)\n    at Module.load (node:internal/modules/cjs/loader:1317:32)\n    at Module._load (node:internal/modules/cjs/loader:1127:12)\n    at TracingChannel.traceSync (node:diagnostics_channel:315:14)\n    at wrapModuleLoad (node:internal/modules/cjs/loader:217:24)\n    at Function.executeUserEntryPoint [as runMain] (node:internal/modules/run_main:166:5)","syscall":"open","timestamp":"2024-12-10 13:53:31"}
{"level":"info","message":"Server running on http://localhost:5000","timestamp":"2024-12-10 13:53:31"}
{"level":"error","message":"Error reading tokens from file: Unexpected end of JSON input","stack":"SyntaxError: Unexpected end of JSON input\n    at JSON.parse (<anonymous>)\n    at loadTokensFromFile (/Users/apple/Documents/zohoTimeSheet/backend/server.js:70:29)\n    at Object.<anonymous> (/Users/apple/Documents/zohoTimeSheet/backend/server.js:79:16)\n    at Module._compile (node:internal/modules/cjs/loader:1546:14)\n    at Module._extensions..js (node:internal/modules/cjs/loader:1691:10)\n    at Module.load (node:internal/modules/cjs/loader:1317:32)\n    at Module._load (node:internal/modules/cjs/loader:1127:12)\n    at TracingChannel.traceSync (node:diagnostics_channel:315:14)\n    at wrapModuleLoad (node:internal/modules/cjs/loader:217:24)\n    at Function.executeUserEntryPoint [as runMain] (node:internal/modules/run_main:166:5)","timestamp":"2024-12-10 13:54:08"}
{"level":"info","message":"Server running on http://localhost:5000","timestamp":"2024-12-10 13:54:08"}
{"level":"error","message":"Error reading tokens from file: Unterminated fractional number in JSON at position 5 (line 1 column 6)","stack":"SyntaxError: Unterminated fractional number in JSON at position 5 (line 1 column 6)\n    at JSON.parse (<anonymous>)\n    at loadTokensFromFile (/Users/apple/Documents/zohoTimeSheet/backend/server.js:70:29)\n    at Object.<anonymous> (/Users/apple/Documents/zohoTimeSheet/backend/server.js:79:16)\n    at Module._compile (node:internal/modules/cjs/loader:1546:14)\n    at Module._extensions..js (node:internal/modules/cjs/loader:1691:10)\n    at Module.load (node:internal/modules/cjs/loader:1317:32)\n    at Module._load (node:internal/modules/cjs/loader:1127:12)\n    at TracingChannel.traceSync (node:diagnostics_channel:315:14)\n    at wrapModuleLoad (node:internal/modules/cjs/loader:217:24)\n    at Function.executeUserEntryPoint [as runMain] (node:internal/modules/run_main:166:5)","timestamp":"2024-12-10 13:54:47"}
{"level":"info","message":"Server running on http://localhost:5000","timestamp":"2024-12-10 13:54:47"}
{"code":"ENOENT","errno":-2,"level":"error","message":"Error reading tokens from file: ENOENT: no such file or directory, open './tokens.json'","path":"./tokens.json","stack":"Error: ENOENT: no such file or directory, open './tokens.json'\n    at Object.readFileSync (node:fs:441:20)\n    at loadTokensFromFile (/Users/apple/Documents/zohoTimeSheet/backend/server.js:70:38)\n    at Object.<anonymous> (/Users/apple/Documents/zohoTimeSheet/backend/server.js:79:16)\n    at Module._compile (node:internal/modules/cjs/loader:1546:14)\n    at Module._extensions..js (node:internal/modules/cjs/loader:1691:10)\n    at Module.load (node:internal/modules/cjs/loader:1317:32)\n    at Module._load (node:internal/modules/cjs/loader:1127:12)\n    at TracingChannel.traceSync (node:diagnostics_channel:315:14)\n    at wrapModuleLoad (node:internal/modules/cjs/loader:217:24)\n    at Function.executeUserEntryPoint [as runMain] (node:internal/modules/run_main:166:5)","syscall":"open","timestamp":"2024-12-10 13:55:06"}
{"level":"info","message":"Server running on http://localhost:5000","timestamp":"2024-12-10 13:55:06"}
{"level":"info","message":"Authorization URL generated","timestamp":"2024-12-10 13:55:38"}
{"authCode":"1000.683859b11d2d7fa931d86214e21fcd3d.29f1d3f1999a5b27fe1897c542515e1c","level":"info","message":"Received OAuth callback","timestamp":"2024-12-10 13:55:48"}
{"level":"info","message":"Tokens saved to file.","timestamp":"2024-12-10 13:55:48"}
{"level":"info","message":"Tokens fetched successfully","timestamp":"2024-12-10 13:55:48"}
{"level":"info","message":"Authorization URL generated","timestamp":"2024-12-10 13:56:17"}
{"level":"info","message":"Server running on http://localhost:5000","timestamp":"2024-12-10 14:13:27"}
{"level":"info","message":"Server running on http://localhost:5000","timestamp":"2024-12-10 14:15:08"}
{"level":"info","message":"Server running on http://localhost:5000","timestamp":"2024-12-10 14:20:59"}
{"level":"info","message":"Server running on http://localhost:5000","timestamp":"2024-12-10 14:21:41"}
{"level":"info","message":"Server running on http://localhost:5000","timestamp":"2024-12-10 14:25:23"}
{"authCode":"1000.683859b11d2d7fa931d86214e21fcd3d.29f1d3f1999a5b27fe1897c542515e1c","level":"info","message":"Received OAuth callback","timestamp":"2024-12-10 14:25:55"}
{"level":"info","message":"Tokens saved to file.","timestamp":"2024-12-10 14:25:56"}
{"level":"info","message":"Tokens fetched successfully","timestamp":"2024-12-10 14:25:56"}
{"level":"info","message":"Authorization URL generated","timestamp":"2024-12-10 14:26:09"}
{"authCode":"1000.da8e2bd3e176656aac2551157ebc43d9.12b57d66a544392322cc4bf404584102","level":"info","message":"Received OAuth callback","timestamp":"2024-12-10 14:26:18"}
{"level":"info","message":"Tokens saved to file.","timestamp":"2024-12-10 14:26:19"}
{"level":"info","message":"Tokens fetched successfully","timestamp":"2024-12-10 14:26:19"}
{"level":"info","message":"Server running on http://localhost:5000","timestamp":"2024-12-10 14:26:51"}
{"level":"info","message":"Server running on http://localhost:5000","timestamp":"2024-12-10 14:31:33"}
{"level":"info","message":"Server running on http://localhost:5000","timestamp":"2024-12-10 14:33:07"}
{"level":"error","message":"Error adding time log:","timestamp":"2024-12-10 14:33:14"}
{"level":"error","message":"Error adding time log for jobId 284871000011349265:","timestamp":"2024-12-10 14:33:14"}
{"level":"info","message":"Server running on http://localhost:5000","timestamp":"2024-12-10 14:36:55"}
{"level":"error","message":"Error adding time log:","response":{"errors":{"code":7213,"message":"The provided OAuth token is invalid."},"message":"Error occurred","status":1,"uri":"/api/timetracker/addtimelog"},"timestamp":"2024-12-10 15:27:54"}
{"level":"info","message":"Tokens saved to file.","timestamp":"2024-12-10 15:27:54"}
{"level":"info","message":"Access token refreshed successfully","timestamp":"2024-12-10 15:27:54"}
{"level":"error","message":"No access token available. Please authenticate first.","timestamp":"2024-12-10 15:27:54"}
{"level":"error","message":"Error adding time log for jobId 284871000011349265:","timestamp":"2024-12-10 15:27:54"}
{"level":"info","message":"Authorization URL generated","timestamp":"2024-12-10 15:27:58"}
{"authCode":"1000.e0b47f09f7f9bf994857a2a3c30637c9.e884a12f2f965da6b49376c34e274fad","level":"info","message":"Received OAuth callback","timestamp":"2024-12-10 15:28:07"}
{"level":"info","message":"Tokens saved to file.","timestamp":"2024-12-10 15:28:08"}
{"level":"info","message":"Tokens fetched successfully","timestamp":"2024-12-10 15:28:08"}
{"level":"info","message":"Server running on http://localhost:5000","timestamp":"2024-12-10 16:00:43"}
{"level":"info","message":"Authorization URL generated","timestamp":"2024-12-10 16:00:55"}
{"authCode":"1000.d4804c55beba267be48eef235849e5b9.6b1dd1bc70de375244af801e28a42df8","level":"info","message":"Received OAuth callback","timestamp":"2024-12-10 16:01:03"}
{"level":"info","message":"Tokens fetched successfully","timestamp":"2024-12-10 16:01:04"}
